::1 - - [15/Dec/2020:07:56:26 +0000] "GET / HTTP/1.1" 200 6919 "-" "Mozilla/5.0 (Macintosh; Intel Mac OS X 10_15_6) AppleWebKit/537.36 (KHTML, like Gecko) Chrome/86.0.4240.198 Safari/537.36"
::1 - - [15/Dec/2020:07:56:28 +0000] "GET /users/sign-in HTTP/1.1" 304 - "http://localhost:8000/" "Mozilla/5.0 (Macintosh; Intel Mac OS X 10_15_6) AppleWebKit/537.36 (KHTML, like Gecko) Chrome/86.0.4240.198 Safari/537.36"
::1 - - [15/Dec/2020:07:56:30 +0000] "GET /users/forgot-password HTTP/1.1" 200 1557 "http://localhost:8000/users/sign-in" "Mozilla/5.0 (Macintosh; Intel Mac OS X 10_15_6) AppleWebKit/537.36 (KHTML, like Gecko) Chrome/86.0.4240.198 Safari/537.36"
::1 - - [15/Dec/2020:07:56:37 +0000] "POST /users/find-account HTTP/1.1" 302 130 "http://localhost:8000/users/forgot-password" "Mozilla/5.0 (Macintosh; Intel Mac OS X 10_15_6) AppleWebKit/537.36 (KHTML, like Gecko) Chrome/86.0.4240.198 Safari/537.36"
::1 - - [15/Dec/2020:07:56:37 +0000] "GET /users/forgot-password HTTP/1.1" 304 - "http://localhost:8000/users/forgot-password" "Mozilla/5.0 (Macintosh; Intel Mac OS X 10_15_6) AppleWebKit/537.36 (KHTML, like Gecko) Chrome/86.0.4240.198 Safari/537.36"
::1 - - [15/Dec/2020:07:57:52 +0000] "GET /users/forgot-password HTTP/1.1" 304 - "http://localhost:8000/users/forgot-password" "Mozilla/5.0 (Macintosh; Intel Mac OS X 10_15_6) AppleWebKit/537.36 (KHTML, like Gecko) Chrome/86.0.4240.198 Safari/537.36"
::1 - - [15/Dec/2020:07:57:53 +0000] "GET /users/forgot-password HTTP/1.1" 304 - "http://localhost:8000/users/forgot-password" "Mozilla/5.0 (Macintosh; Intel Mac OS X 10_15_6) AppleWebKit/537.36 (KHTML, like Gecko) Chrome/86.0.4240.198 Safari/537.36"
::1 - - [15/Dec/2020:07:58:03 +0000] "POST /users/find-account HTTP/1.1" 302 130 "http://localhost:8000/users/forgot-password" "Mozilla/5.0 (Macintosh; Intel Mac OS X 10_15_6) AppleWebKit/537.36 (KHTML, like Gecko) Chrome/86.0.4240.198 Safari/537.36"
::1 - - [15/Dec/2020:07:58:03 +0000] "GET /users/forgot-password HTTP/1.1" 304 - "http://localhost:8000/users/forgot-password" "Mozilla/5.0 (Macintosh; Intel Mac OS X 10_15_6) AppleWebKit/537.36 (KHTML, like Gecko) Chrome/86.0.4240.198 Safari/537.36"
::1 - - [15/Dec/2020:08:01:05 +0000] "GET /users/forgot-password HTTP/1.1" 304 - "http://localhost:8000/users/forgot-password" "Mozilla/5.0 (Macintosh; Intel Mac OS X 10_15_6) AppleWebKit/537.36 (KHTML, like Gecko) Chrome/86.0.4240.198 Safari/537.36"
::1 - - [15/Dec/2020:08:01:10 +0000] "GET /users/sign-in HTTP/1.1" 304 - "http://localhost:8000/users/forgot-password" "Mozilla/5.0 (Macintosh; Intel Mac OS X 10_15_6) AppleWebKit/537.36 (KHTML, like Gecko) Chrome/86.0.4240.198 Safari/537.36"
::1 - - [15/Dec/2020:08:01:12 +0000] "GET /users/auth/google HTTP/1.1" 302 0 "http://localhost:8000/users/sign-in" "Mozilla/5.0 (Macintosh; Intel Mac OS X 10_15_6) AppleWebKit/537.36 (KHTML, like Gecko) Chrome/86.0.4240.198 Safari/537.36"
::1 - - [15/Dec/2020:08:07:08 +0000] "GET / HTTP/1.1" 304 - "-" "Mozilla/5.0 (Macintosh; Intel Mac OS X 10_15_6) AppleWebKit/537.36 (KHTML, like Gecko) Chrome/86.0.4240.198 Safari/537.36"
::1 - - [15/Dec/2020:08:07:33 +0000] "GET /users/sign-in HTTP/1.1" 304 - "http://localhost:8000/" "Mozilla/5.0 (Macintosh; Intel Mac OS X 10_15_6) AppleWebKit/537.36 (KHTML, like Gecko) Chrome/86.0.4240.198 Safari/537.36"
::1 - - [15/Dec/2020:08:07:34 +0000] "GET /users/forgot-password HTTP/1.1" 304 - "http://localhost:8000/users/sign-in" "Mozilla/5.0 (Macintosh; Intel Mac OS X 10_15_6) AppleWebKit/537.36 (KHTML, like Gecko) Chrome/86.0.4240.198 Safari/537.36"
::1 - - [15/Dec/2020:08:07:36 +0000] "GET /users/sign-in HTTP/1.1" 304 - "http://localhost:8000/users/forgot-password" "Mozilla/5.0 (Macintosh; Intel Mac OS X 10_15_6) AppleWebKit/537.36 (KHTML, like Gecko) Chrome/86.0.4240.198 Safari/537.36"
::1 - - [15/Dec/2020:08:07:38 +0000] "GET /users/auth/google HTTP/1.1" 302 0 "http://localhost:8000/users/sign-in" "Mozilla/5.0 (Macintosh; Intel Mac OS X 10_15_6) AppleWebKit/537.36 (KHTML, like Gecko) Chrome/86.0.4240.198 Safari/537.36"
::1 - - [22/Dec/2020:18:22:26 +0000] "GET / HTTP/1.1" 200 6919 "-" "Mozilla/5.0 (Macintosh; Intel Mac OS X 10_15_6) AppleWebKit/537.36 (KHTML, like Gecko) Chrome/86.0.4240.198 Safari/537.36"
::1 - - [22/Dec/2020:18:22:34 +0000] "GET / HTTP/1.1" 200 6919 "-" "Mozilla/5.0 (Macintosh; Intel Mac OS X 10_15_6) AppleWebKit/537.36 (KHTML, like Gecko) Chrome/86.0.4240.198 Safari/537.36"
::1 - - [22/Dec/2020:18:22:52 +0000] "GET / HTTP/1.1" 200 6919 "-" "Mozilla/5.0 (Macintosh; Intel Mac OS X 10_15_6) AppleWebKit/537.36 (KHTML, like Gecko) Chrome/86.0.4240.198 Safari/537.36"
::1 - - [22/Dec/2020:18:22:57 +0000] "GET /users/sign-in HTTP/1.1" 200 1762 "http://localhost:8000/" "Mozilla/5.0 (Macintosh; Intel Mac OS X 10_15_6) AppleWebKit/537.36 (KHTML, like Gecko) Chrome/86.0.4240.198 Safari/537.36"
::1 - - [22/Dec/2020:18:23:02 +0000] "POST /users/create-session HTTP/1.1" 302 46 "http://localhost:8000/users/sign-in" "Mozilla/5.0 (Macintosh; Intel Mac OS X 10_15_6) AppleWebKit/537.36 (KHTML, like Gecko) Chrome/86.0.4240.198 Safari/537.36"
::1 - - [22/Dec/2020:18:23:02 +0000] "GET / HTTP/1.1" 200 14218 "http://localhost:8000/users/sign-in" "Mozilla/5.0 (Macintosh; Intel Mac OS X 10_15_6) AppleWebKit/537.36 (KHTML, like Gecko) Chrome/86.0.4240.198 Safari/537.36"
::1 - - [22/Dec/2020:18:25:20 +0000] "GET /users/sign-out HTTP/1.1" 302 46 "http://localhost:8000/" "Mozilla/5.0 (Macintosh; Intel Mac OS X 10_15_6) AppleWebKit/537.36 (KHTML, like Gecko) Chrome/86.0.4240.198 Safari/537.36"
::1 - - [22/Dec/2020:18:25:20 +0000] "GET / HTTP/1.1" 200 7096 "http://localhost:8000/" "Mozilla/5.0 (Macintosh; Intel Mac OS X 10_15_6) AppleWebKit/537.36 (KHTML, like Gecko) Chrome/86.0.4240.198 Safari/537.36"
::1 - - [22/Dec/2020:18:26:30 +0000] "GET / HTTP/1.1" 200 6919 "http://localhost:8000/" "Mozilla/5.0 (Macintosh; Intel Mac OS X 10_15_6) AppleWebKit/537.36 (KHTML, like Gecko) Chrome/86.0.4240.198 Safari/537.36"
::1 - - [22/Dec/2020:18:26:38 +0000] "GET / HTTP/1.1" 200 6919 "http://localhost:8000/" "Mozilla/5.0 (Macintosh; Intel Mac OS X 10_15_6) AppleWebKit/537.36 (KHTML, like Gecko) Chrome/86.0.4240.198 Safari/537.36"
::1 - - [22/Dec/2020:18:26:44 +0000] "GET / HTTP/1.1" 200 6919 "http://localhost:8000/" "Mozilla/5.0 (Macintosh; Intel Mac OS X 10_15_6) AppleWebKit/537.36 (KHTML, like Gecko) Chrome/86.0.4240.198 Safari/537.36"
::1 - - [22/Dec/2020:18:27:23 +0000] "GET /users/sign-in HTTP/1.1" 200 1762 "http://localhost:8000/" "Mozilla/5.0 (Macintosh; Intel Mac OS X 10_15_6) AppleWebKit/537.36 (KHTML, like Gecko) Chrome/86.0.4240.198 Safari/537.36"
::1 - - [22/Dec/2020:18:27:26 +0000] "POST /users/create-session HTTP/1.1" 302 46 "http://localhost:8000/users/sign-in" "Mozilla/5.0 (Macintosh; Intel Mac OS X 10_15_6) AppleWebKit/537.36 (KHTML, like Gecko) Chrome/86.0.4240.198 Safari/537.36"
::1 - - [22/Dec/2020:18:27:26 +0000] "GET / HTTP/1.1" 200 14218 "http://localhost:8000/users/sign-in" "Mozilla/5.0 (Macintosh; Intel Mac OS X 10_15_6) AppleWebKit/537.36 (KHTML, like Gecko) Chrome/86.0.4240.198 Safari/537.36"
::1 - - [22/Dec/2020:19:31:17 +0000] "GET / HTTP/1.1" 200 14038 "http://localhost:8000/users/sign-in" "Mozilla/5.0 (Macintosh; Intel Mac OS X 10_15_6) AppleWebKit/537.36 (KHTML, like Gecko) Chrome/86.0.4240.198 Safari/537.36"
::1 - - [24/Dec/2020:11:03:03 +0000] "GET / HTTP/1.1" 200 6919 "-" "Mozilla/5.0 (Macintosh; Intel Mac OS X 10_15_6) AppleWebKit/537.36 (KHTML, like Gecko) Chrome/87.0.4280.88 Safari/537.36"
::1 - - [24/Dec/2020:11:03:04 +0000] "GET /favicon.ico HTTP/1.1" 404 150 "http://localhost:8000/" "Mozilla/5.0 (Macintosh; Intel Mac OS X 10_15_6) AppleWebKit/537.36 (KHTML, like Gecko) Chrome/87.0.4280.88 Safari/537.36"
::1 - - [24/Dec/2020:11:03:19 +0000] "GET /users/sign-in HTTP/1.1" 200 1762 "http://localhost:8000/" "Mozilla/5.0 (Macintosh; Intel Mac OS X 10_15_6) AppleWebKit/537.36 (KHTML, like Gecko) Chrome/87.0.4280.88 Safari/537.36"
::1 - - [24/Dec/2020:11:03:20 +0000] "POST /users/create-session HTTP/1.1" 302 46 "http://localhost:8000/users/sign-in" "Mozilla/5.0 (Macintosh; Intel Mac OS X 10_15_6) AppleWebKit/537.36 (KHTML, like Gecko) Chrome/87.0.4280.88 Safari/537.36"
::1 - - [24/Dec/2020:11:03:20 +0000] "GET / HTTP/1.1" 200 14218 "http://localhost:8000/users/sign-in" "Mozilla/5.0 (Macintosh; Intel Mac OS X 10_15_6) AppleWebKit/537.36 (KHTML, like Gecko) Chrome/87.0.4280.88 Safari/537.36"
::1 - - [24/Dec/2020:11:11:44 +0000] "GET / HTTP/1.1" 200 14079 "http://localhost:8000/users/sign-in" "Mozilla/5.0 (Macintosh; Intel Mac OS X 10_15_6) AppleWebKit/537.36 (KHTML, like Gecko) Chrome/87.0.4280.88 Safari/537.36"
::1 - - [24/Dec/2020:11:11:44 +0000] "GET /images/messenger.svg HTTP/1.1" 404 159 "http://localhost:8000/" "Mozilla/5.0 (Macintosh; Intel Mac OS X 10_15_6) AppleWebKit/537.36 (KHTML, like Gecko) Chrome/87.0.4280.88 Safari/537.36"
::1 - - [24/Dec/2020:11:14:51 +0000] "GET / HTTP/1.1" 200 14080 "http://localhost:8000/users/sign-in" "Mozilla/5.0 (Macintosh; Intel Mac OS X 10_15_6) AppleWebKit/537.36 (KHTML, like Gecko) Chrome/87.0.4280.88 Safari/537.36"
::1 - - [24/Dec/2020:11:14:52 +0000] "GET /images/messenger.svg HTTP/1.1" 404 159 "http://localhost:8000/" "Mozilla/5.0 (Macintosh; Intel Mac OS X 10_15_6) AppleWebKit/537.36 (KHTML, like Gecko) Chrome/87.0.4280.88 Safari/537.36"
::1 - - [24/Dec/2020:11:15:33 +0000] "GET / HTTP/1.1" 200 14079 "http://localhost:8000/users/sign-in" "Mozilla/5.0 (Macintosh; Intel Mac OS X 10_15_6) AppleWebKit/537.36 (KHTML, like Gecko) Chrome/87.0.4280.88 Safari/537.36"
::1 - - [24/Dec/2020:11:15:33 +0000] "GET /images/tcs-logo.png HTTP/1.1" 404 158 "http://localhost:8000/" "Mozilla/5.0 (Macintosh; Intel Mac OS X 10_15_6) AppleWebKit/537.36 (KHTML, like Gecko) Chrome/87.0.4280.88 Safari/537.36"
::1 - - [24/Dec/2020:11:15:37 +0000] "GET / HTTP/1.1" 304 - "http://localhost:8000/users/sign-in" "Mozilla/5.0 (Macintosh; Intel Mac OS X 10_15_6) AppleWebKit/537.36 (KHTML, like Gecko) Chrome/87.0.4280.88 Safari/537.36"
::1 - - [24/Dec/2020:11:15:37 +0000] "GET /images/tcs-logo.png HTTP/1.1" 404 158 "http://localhost:8000/" "Mozilla/5.0 (Macintosh; Intel Mac OS X 10_15_6) AppleWebKit/537.36 (KHTML, like Gecko) Chrome/87.0.4280.88 Safari/537.36"
::1 - - [24/Dec/2020:11:15:38 +0000] "GET / HTTP/1.1" 304 - "http://localhost:8000/users/sign-in" "Mozilla/5.0 (Macintosh; Intel Mac OS X 10_15_6) AppleWebKit/537.36 (KHTML, like Gecko) Chrome/87.0.4280.88 Safari/537.36"
::1 - - [24/Dec/2020:11:15:38 +0000] "GET /images/tcs-logo.png HTTP/1.1" 404 158 "http://localhost:8000/" "Mozilla/5.0 (Macintosh; Intel Mac OS X 10_15_6) AppleWebKit/537.36 (KHTML, like Gecko) Chrome/87.0.4280.88 Safari/537.36"
::1 - - [24/Dec/2020:11:16:58 +0000] "GET / HTTP/1.1" 200 14069 "http://localhost:8000/users/sign-in" "Mozilla/5.0 (Macintosh; Intel Mac OS X 10_15_6) AppleWebKit/537.36 (KHTML, like Gecko) Chrome/87.0.4280.88 Safari/537.36"
::1 - - [24/Dec/2020:11:16:59 +0000] "GET /undefined HTTP/1.1" 404 148 "http://localhost:8000/" "Mozilla/5.0 (Macintosh; Intel Mac OS X 10_15_6) AppleWebKit/537.36 (KHTML, like Gecko) Chrome/87.0.4280.88 Safari/537.36"
::1 - - [24/Dec/2020:11:17:03 +0000] "GET / HTTP/1.1" 200 14069 "http://localhost:8000/users/sign-in" "Mozilla/5.0 (Macintosh; Intel Mac OS X 10_15_6) AppleWebKit/537.36 (KHTML, like Gecko) Chrome/87.0.4280.88 Safari/537.36"
::1 - - [24/Dec/2020:11:17:03 +0000] "GET /undefined HTTP/1.1" 404 148 "http://localhost:8000/" "Mozilla/5.0 (Macintosh; Intel Mac OS X 10_15_6) AppleWebKit/537.36 (KHTML, like Gecko) Chrome/87.0.4280.88 Safari/537.36"
::1 - - [24/Dec/2020:11:17:59 +0000] "GET / HTTP/1.1" 200 14069 "http://localhost:8000/users/sign-in" "Mozilla/5.0 (Macintosh; Intel Mac OS X 10_15_6) AppleWebKit/537.36 (KHTML, like Gecko) Chrome/87.0.4280.88 Safari/537.36"
::1 - - [24/Dec/2020:11:17:59 +0000] "GET /undefined HTTP/1.1" 404 148 "http://localhost:8000/" "Mozilla/5.0 (Macintosh; Intel Mac OS X 10_15_6) AppleWebKit/537.36 (KHTML, like Gecko) Chrome/87.0.4280.88 Safari/537.36"
::1 - - [24/Dec/2020:11:21:48 +0000] "GET / HTTP/1.1" 200 14069 "http://localhost:8000/users/sign-in" "Mozilla/5.0 (Macintosh; Intel Mac OS X 10_15_6) AppleWebKit/537.36 (KHTML, like Gecko) Chrome/87.0.4280.88 Safari/537.36"
::1 - - [24/Dec/2020:11:21:49 +0000] "GET /undefined HTTP/1.1" 404 148 "http://localhost:8000/" "Mozilla/5.0 (Macintosh; Intel Mac OS X 10_15_6) AppleWebKit/537.36 (KHTML, like Gecko) Chrome/87.0.4280.88 Safari/537.36"
::1 - - [24/Dec/2020:11:21:53 +0000] "GET / HTTP/1.1" 200 14069 "http://localhost:8000/users/sign-in" "Mozilla/5.0 (Macintosh; Intel Mac OS X 10_15_6) AppleWebKit/537.36 (KHTML, like Gecko) Chrome/87.0.4280.88 Safari/537.36"
::1 - - [24/Dec/2020:11:21:53 +0000] "GET /undefined HTTP/1.1" 404 148 "http://localhost:8000/" "Mozilla/5.0 (Macintosh; Intel Mac OS X 10_15_6) AppleWebKit/537.36 (KHTML, like Gecko) Chrome/87.0.4280.88 Safari/537.36"
[0mGET / [32m200[0m 81.681 ms - 6851[0m
[0mGET / [32m200[0m 80.542 ms - 6852[0m
[0mGET / [32m200[0m 85.003 ms - 6810[0m
[0mGET /users/sign-in [32m200[0m 20.699 ms - 1726[0m
[0mGET /users/css/layout.css [33m404[0m 97.313 ms - 159[0m
[0mGET /users/css/header.css [33m404[0m 127.794 ms - 159[0m
[0mGET /users/css/footer.css [33m404[0m 138.805 ms - 159[0m
[0mPOST /users/create-session [36m302[0m 14.687 ms - 46[0m
[0mGET / [32m200[0m 59.580 ms - 14089[0m
[0mGET / [32m200[0m 55.858 ms - 13919[0m
[0mGET / [36m304[0m 109.816 ms - -[0m
[0mGET / [36m304[0m 56.536 ms - -[0m
[0mGET / [32m200[0m 50.919 ms - 13486[0m
[0mGET / [32m200[0m 69.983 ms - 13334[0m
[0mGET / [32m200[0m 57.262 ms - 13359[0m
[0mGET / [32m200[0m 63.945 ms - 13359[0m
[0mGET / [32m200[0m 65.305 ms - 13359[0m
[0mGET / [32m200[0m 42.821 ms - 13359[0m
[0mGET / [32m200[0m 38.662 ms - 13359[0m
[0mGET / [32m200[0m 67.602 ms - 13359[0m
[0mGET / [32m200[0m 73.843 ms - 13359[0m
[0mGET / [32m200[0m 37.591 ms - 13359[0m
[0mGET / [32m200[0m 48.107 ms - 13359[0m
[0mGET / [32m200[0m 39.985 ms - 13359[0m
[0mGET / [32m200[0m 35.757 ms - 13359[0m
[0mGET / [32m200[0m 34.999 ms - 13359[0m
[0mGET / [32m200[0m 33.857 ms - 13359[0m
[0mGET / [32m200[0m 71.239 ms - 13359[0m
[0mGET / [32m200[0m 49.081 ms - 13359[0m
[0mGET / [32m200[0m 37.425 ms - 13359[0m
[0mGET / [32m200[0m 33.104 ms - 13359[0m
[0mGET / [32m200[0m 26.434 ms - 13359[0m
[0mGET / [32m200[0m 35.410 ms - 13359[0m
[0mGET / [32m200[0m 34.294 ms - 13359[0m
[0mGET / [32m200[0m 66.978 ms - 13359[0m
[0mGET / [32m200[0m 39.477 ms - 13359[0m
[0mGET / [32m200[0m 37.286 ms - 13359[0m
[0mGET / [32m200[0m 89.922 ms - 13359[0m
[0mGET / [32m200[0m 30.682 ms - 13359[0m
[0mGET / [32m200[0m 32.312 ms - 13359[0m
[0mGET / [32m200[0m 181.024 ms - 6540[0m
[0mGET /users/sign-in [32m200[0m 37.056 ms - 1508[0m
[0mGET /users/css/layout.css [33m404[0m 66.462 ms - 159[0m
[0mGET /users/css/header.css [33m404[0m 60.124 ms - 159[0m
[0mGET /users/css/footer.css [33m404[0m 71.955 ms - 159[0m
[0mGET /users/css/footer.css [33m404[0m 2.596 ms - 159[0m
[0mGET /users/css/header.css [33m404[0m 10.075 ms - 159[0m
[0mGET /users/css/layout.css [33m404[0m 25.266 ms - 159[0m
[0mPOST /users/create-session [36m302[0m 14.104 ms - 46[0m
[0mGET / [32m200[0m 33.406 ms - 13539[0m
[0mGET /users/sign-out [36m302[0m 6.253 ms - 46[0m
[0mGET / [32m200[0m 35.437 ms - 6717[0m
[0mGET /users/sign-in [32m200[0m 5.015 ms - 1508[0m
[0mGET /users/css/layout.css [33m404[0m 20.769 ms - 159[0m
[0mGET /users/css/header.css [33m404[0m 24.377 ms - 159[0m
[0mGET /users/css/footer.css [33m404[0m 28.597 ms - 159[0m
[0mGET /users/css/footer.css [33m404[0m 9.726 ms - 159[0m
[0mGET /users/css/header.css [33m404[0m 25.191 ms - 159[0m
[0mGET /users/css/layout.css [33m404[0m 25.525 ms - 159[0m
[0mGET / [32m200[0m 22.581 ms - 6540[0m
[0mGET /users/sign-in [32m200[0m 7.336 ms - 1508[0m
[0mGET /users/css/layout.css [33m404[0m 43.936 ms - 159[0m
[0mGET /users/css/header.css [33m404[0m 53.899 ms - 159[0m
[0mGET /users/css/footer.css [33m404[0m 68.025 ms - 159[0m
[0mGET /users/css/layout.css [33m404[0m 19.988 ms - 159[0m
[0mGET /users/css/header.css [33m404[0m 38.429 ms - 159[0m
[0mGET /users/css/footer.css [33m404[0m 41.602 ms - 159[0m
[0mPOST /users/create-session [36m302[0m 9.261 ms - 46[0m
[0mGET / [32m200[0m 35.237 ms - 13539[0m
[0mGET / [32m200[0m 45.251 ms - 13359[0m
[0mGET / [32m200[0m 33.160 ms - 13359[0m
[0mGET / [32m200[0m 39.046 ms - 13359[0m
[0mGET / [32m200[0m 37.261 ms - 13361[0m
[0mGET / [32m200[0m 71.997 ms - 13374[0m
[0mGET / [32m200[0m 37.941 ms - 13393[0m
[0mGET / [32m200[0m 34.521 ms - 13393[0m
[0mGET / [32m200[0m 43.185 ms - 13393[0m
[0mGET / [32m200[0m 37.245 ms - 13399[0m
[0mGET / [32m200[0m 41.096 ms - 13399[0m
[0mGET / [32m200[0m 48.056 ms - 13399[0m
[0mGET / [32m200[0m 34.586 ms - 13399[0m
[0mGET / [32m200[0m 37.749 ms - 13399[0m
[0mGET / [32m200[0m 41.011 ms - 13399[0m
[0mGET /users/sign-out [36m302[0m 4.840 ms - 46[0m
[0mGET / [32m200[0m 28.323 ms - 6757[0m
[0mGET / [32m200[0m 36.973 ms - 6580[0m
[0mGET /users/sign-in [32m200[0m 4.348 ms - 1548[0m
[0mGET /users/css/layout.css [33m404[0m 30.189 ms - 159[0m
[0mGET /users/css/header.css [33m404[0m 36.059 ms - 159[0m
[0mGET /users/css/footer.css [33m404[0m 114.342 ms - 159[0m
[0mGET /users/css/layout.css [33m404[0m 18.538 ms - 159[0m
[0mGET /users/css/header.css [33m404[0m 28.919 ms - 159[0m
[0mPOST /users/create-session [36m302[0m 6.322 ms - 46[0m
[0mGET / [32m200[0m 29.933 ms - 13579[0m
[0mGET / [32m200[0m 42.902 ms - 13399[0m
[0mGET / [32m200[0m 39.960 ms - 13399[0m
[0mGET / [32m200[0m 48.424 ms - 13399[0m
[0mGET /users/sign-in [36m302[0m 6.862 ms - 72[0m
[0mGET /users/profile [33m404[0m 12.076 ms - 152[0m
[0mGET / [32m200[0m 36.756 ms - 13399[0m
[0mGET / [32m200[0m 40.244 ms - 13399[0m
[0mGET /users/sign-out [36m302[0m 10.934 ms - 46[0m
[0mGET / [32m200[0m 22.246 ms - 6757[0m
[0mGET /users/sign-in [32m200[0m 13.061 ms - 1548[0m
[0mGET /users/css/layout.css [33m404[0m 79.156 ms - 159[0m
[0mGET /users/css/header.css [33m404[0m 79.421 ms - 159[0m
[0mGET /users/css/footer.css [33m404[0m 73.860 ms - 159[0m
[0mGET /users/css/layout.css [33m404[0m 16.116 ms - 159[0m
[0mGET /users/css/footer.css [33m404[0m 14.652 ms - 159[0m
[0mGET /users/css/header.css [33m404[0m 25.860 ms - 159[0m
[0mPOST /users/create-session [36m302[0m 9.084 ms - 72[0m
[0mGET /users/sign-in [32m200[0m 11.185 ms - 1729[0m
[0mGET /users/css/layout.css [33m404[0m 10.535 ms - 159[0m
[0mGET /users/css/footer.css [33m404[0m 15.607 ms - 159[0m
[0mGET /users/css/header.css [33m404[0m 13.534 ms - 159[0m
[0mGET /users/css/layout.css [33m404[0m 15.913 ms - 159[0m
[0mGET /users/css/header.css [33m404[0m 21.828 ms - 159[0m
[0mGET /users/css/footer.css [33m404[0m 28.457 ms - 159[0m
[0mGET /users/auth/google [36m302[0m 41.516 ms - 0[0m
[0mGET /users/sign-in [32m200[0m 10.371 ms - 1548[0m
[0mGET /users/css/layout.css [33m404[0m 114.221 ms - 159[0m
[0mGET /users/css/header.css [33m404[0m 118.200 ms - 159[0m
[0mGET /users/css/footer.css [33m404[0m 124.071 ms - 159[0m
[0mGET /users/css/layout.css [33m404[0m 7.612 ms - 159[0m
[0mGET /users/css/header.css [33m404[0m 15.554 ms - 159[0m
[0mGET /users/css/footer.css [33m404[0m 21.499 ms - 159[0m
[0mPOST /users/create-session [36m302[0m 4.718 ms - 72[0m
[0mGET /users/sign-in [32m200[0m 4.176 ms - 1729[0m
[0mGET /users/css/footer.css [33m404[0m 33.807 ms - 159[0m
[0mGET /users/css/layout.css [33m404[0m 41.090 ms - 159[0m
[0mGET /users/css/header.css [33m404[0m 47.073 ms - 159[0m
[0mGET /users/css/header.css [33m404[0m 16.050 ms - 159[0m
[0mGET /users/css/footer.css [33m404[0m 21.267 ms - 159[0m
[0mGET /users/css/layout.css [33m404[0m 31.385 ms - 159[0m
[0mPOST /users/create-session [36m302[0m 6.677 ms - 46[0m
[0mGET / [32m200[0m 43.733 ms - 12755[0m
[0mGET /users/profile/5f8589046d36ebfacee702fc [32m200[0m 13.499 ms - 1914[0m
[0mGET /users/profile/css/layout.css [33m404[0m 118.423 ms - 167[0m
[0mGET /users/profile/css/footer.css [33m404[0m 150.755 ms - 167[0m
[0mGET /users/profile/images/man.svg [33m404[0m 9.286 ms - 167[0m
[0mGET /users/profile/css/header.css [33m404[0m 146.957 ms - 167[0m
[0mPOST /users/update/5f8589046d36ebfacee702fc [36m302[0m 62.292 ms - 164[0m
[0mGET /users/profile/5f8589046d36ebfacee702fc [32m200[0m 11.634 ms - 1957[0m
[0mGET /users/profile/css/layout.css [33m404[0m 17.787 ms - 167[0m
[0mGET /users/profile/css/header.css [33m404[0m 82.906 ms - 167[0m
[0mGET /users/profile/css/footer.css [33m404[0m 97.424 ms - 167[0m
[0mGET /users/profile/images/man.svg [33m404[0m 7.896 ms - 167[0m
[0mGET /users/profile/css/footer.css [33m404[0m 26.623 ms - 167[0m
[0mGET /users/profile/css/header.css [33m404[0m 46.671 ms - 167[0m
[0mGET /users/profile/css/layout.css [33m404[0m 51.002 ms - 167[0m
[0mGET / [32m200[0m 45.276 ms - 12575[0m
[0mGET /users/profile/5f8589046d36ebfacee702fc [32m200[0m 13.197 ms - 1957[0m
[0mGET /users/profile/css/header.css [33m404[0m 174.425 ms - 167[0m
[0mGET /users/profile/css/footer.css [33m404[0m 175.641 ms - 167[0m
[0mGET /users/profile/images/man.svg [33m404[0m 72.840 ms - 167[0m
[0mGET /users/profile/css/layout.css [33m404[0m 215.932 ms - 167[0m
[0mGET / [32m200[0m 45.135 ms - 12575[0m
[0mGET / [32m200[0m 40.487 ms - 12605[0m
[0mGET / [32m200[0m 52.207 ms - 12735[0m
[0mGET / [32m200[0m 70.114 ms - 12970[0m
[0mGET / [32m200[0m 55.093 ms - 13095[0m
[0mGET / [32m200[0m 48.810 ms - 13095[0m
[0mGET / [32m200[0m 46.739 ms - 13095[0m
[0mGET / [32m200[0m 47.680 ms - 13100[0m
[0mGET / [32m200[0m 65.280 ms - 13100[0m
[0mGET / [32m200[0m 44.698 ms - 13100[0m
[0mGET / [32m200[0m 41.909 ms - 13100[0m
[0mGET / [32m200[0m 37.382 ms - 13100[0m
[0mGET / [32m200[0m 65.550 ms - 13100[0m
[0mGET / [32m200[0m 41.129 ms - 13100[0m
[0mGET / [32m200[0m 46.109 ms - 13210[0m
[0mGET /users/profile/5f8589046d36ebfacee702fc [32m200[0m 12.300 ms - 1957[0m
[0mGET /users/profile/css/footer.css [33m404[0m 77.746 ms - 167[0m
[0mGET /users/profile/css/header.css [33m404[0m 85.639 ms - 167[0m
[0mGET /users/profile/css/layout.css [33m404[0m 79.443 ms - 167[0m
[0mGET /users/profile/images/man.svg [33m404[0m 30.281 ms - 167[0m
[0mGET /users/profile/css/layout.css [33m404[0m 18.847 ms - 167[0m
[0mGET /users/profile/css/footer.css [33m404[0m 21.111 ms - 167[0m
[0mGET /users/profile/css/header.css [33m404[0m 49.230 ms - 167[0m
[0mGET / [32m200[0m 47.518 ms - 13210[0m
[0mGET /users/profile/5f8589046d36ebfacee702fc [32m200[0m 13.065 ms - 1957[0m
[0mGET /users/profile/css/header.css [33m404[0m 116.792 ms - 167[0m
[0mGET /users/profile/css/layout.css [33m404[0m 146.278 ms - 167[0m
[0mGET /users/profile/css/footer.css [33m404[0m 169.816 ms - 167[0m
[0mGET /users/profile/images/man.svg [33m404[0m 86.805 ms - 167[0m
[0mGET / [32m200[0m 39.529 ms - 13210[0m
[0mGET /users/profile/5f8589046d36ebfacee702fc [32m200[0m 15.443 ms - 1957[0m
[0mGET /users/profile/css/layout.css [33m404[0m 90.034 ms - 167[0m
[0mGET /users/profile/css/footer.css [33m404[0m 102.647 ms - 167[0m
[0mGET /users/profile/css/header.css [33m404[0m 109.340 ms - 167[0m
[0mGET /users/profile/images/man.svg [33m404[0m 54.885 ms - 167[0m
[0mGET / [32m200[0m 33.690 ms - 13210[0m
[0mGET /users/profile/5f8589946d36ebfacee702ff [32m200[0m 8.291 ms - 1652[0m
[0mGET /users/profile/css/layout.css [33m404[0m 59.826 ms - 167[0m
[0mGET /users/profile/css/footer.css [33m404[0m 68.267 ms - 167[0m
[0mGET /users/profile/css/header.css [33m404[0m 122.721 ms - 167[0m
[0mGET /users/profile/css/layout.css [33m404[0m 41.445 ms - 167[0m
[0mGET /users/profile/images/man.svg [33m404[0m 69.571 ms - 167[0m
[0mGET /users/profile/css/footer.css [33m404[0m 59.614 ms - 167[0m
[0mGET /users/remove-friend/5f8589946d36ebfacee702ff [36m302[0m 13.320 ms - 164[0m
[0mGET /users/profile/5f8589946d36ebfacee702ff [32m200[0m 11.274 ms - 1830[0m
[0mGET /users/profile/css/layout.css [33m404[0m 119.026 ms - 167[0m
[0mGET /users/profile/css/header.css [33m404[0m 138.904 ms - 167[0m
[0mGET /users/profile/css/footer.css [33m404[0m 148.358 ms - 167[0m
[0mGET /users/profile/images/man.svg [33m404[0m 67.663 ms - 167[0m
[0mGET /users/add-friend/5f8589946d36ebfacee702ff [36m302[0m 97.847 ms - 164[0m
[0mGET /users/profile/5f8589946d36ebfacee702ff [32m200[0m 11.244 ms - 1839[0m
[0mGET /users/profile/css/layout.css [33m404[0m 49.730 ms - 167[0m
[0mGET /users/profile/css/footer.css [33m404[0m 92.537 ms - 167[0m
[0mGET /users/profile/css/header.css [33m404[0m 125.651 ms - 167[0m
[0mGET /users/profile/css/layout.css [33m404[0m 49.714 ms - 167[0m
[0mGET /users/profile/images/man.svg [33m404[0m 54.171 ms - 167[0m
[0mGET /users/profile/5f8589946d36ebfacee702ff [32m200[0m 10.719 ms - 1652[0m
[0mGET /users/profile/css/layout.css [33m404[0m 52.507 ms - 167[0m
[0mGET /users/profile/css/footer.css [33m404[0m 51.160 ms - 167[0m
[0mGET /users/profile/images/man.svg [33m404[0m 18.385 ms - 167[0m
[0mGET /users/profile/css/footer.css [33m404[0m 71.706 ms - 167[0m
[0mGET /users/profile/css/layout.css [33m404[0m 105.594 ms - 167[0m
[0mGET /users/profile/css/header.css [33m404[0m 128.332 ms - 167[0m
[0mGET / [32m200[0m 52.377 ms - 13417[0m
[0mGET / [32m200[0m 37.977 ms - 13473[0m
[0mGET / [32m200[0m 42.115 ms - 13481[0m
[0mGET / [32m200[0m 41.610 ms - 13493[0m
[0mGET / [32m200[0m 57.229 ms - 13493[0m
[0mGET / [32m200[0m 33.914 ms - 13493[0m
[0mGET / [32m200[0m 53.809 ms - 13493[0m
[0mGET / [32m200[0m 41.980 ms - 13493[0m
[0mGET / [32m200[0m 34.469 ms - 13493[0m
[0mGET / [32m200[0m 46.350 ms - 13493[0m
[0mGET / [32m200[0m 66.141 ms - 13493[0m
[0mGET / [32m200[0m 44.036 ms - 13493[0m
[0mGET / [32m200[0m 60.644 ms - 13493[0m
[0mGET / [32m200[0m 40.649 ms - 13493[0m
[0mGET / [32m200[0m 64.332 ms - 13493[0m
[0mGET / [32m200[0m 61.970 ms - 13493[0m
[0mGET / [32m200[0m 35.178 ms - 13476[0m
[0mGET / [32m200[0m 45.289 ms - 13476[0m
[0mGET / [32m200[0m 92.238 ms - 13476[0m
[0mGET / [32m200[0m 49.475 ms - 13476[0m
[0mGET / [32m200[0m 34.859 ms - 13476[0m
[0mGET / [32m200[0m 42.059 ms - 13476[0m
[0mGET / [32m200[0m 62.565 ms - 13476[0m
[0mGET / [32m200[0m 51.940 ms - 13476[0m
[0mGET / [32m200[0m 70.113 ms - 13476[0m
[0mGET / [32m200[0m 41.779 ms - 13476[0m
[0mGET / [32m200[0m 39.671 ms - 13476[0m
[0mGET / [32m200[0m 47.343 ms - 13476[0m
[0mGET / [32m200[0m 46.126 ms - 13476[0m
[0mGET / [32m200[0m 39.350 ms - 13476[0m
[0mGET / [32m200[0m 37.669 ms - 13476[0m
[0mPOST /likes/toggle/?id=5fcf51d5208d017f014cdc9e&type=Post [32m200[0m 40.616 ms - 93[0m
[0mPOST /likes/toggle/?id=5fcf51d5208d017f014cdc9e&type=Post [32m200[0m 21.003 ms - 93[0m
[0mGET / [32m200[0m 57.760 ms - 13476[0m
[0mGET / [32m200[0m 57.346 ms - 13476[0m
[0mGET / [32m200[0m 62.857 ms - 13476[0m
[0mGET / [32m200[0m 56.775 ms - 13476[0m
[0mGET / [32m200[0m 52.107 ms - 13476[0m
[0mGET / [32m200[0m 61.642 ms - 13476[0m
[0mGET / [32m200[0m 36.342 ms - 13476[0m
[0mGET / [32m200[0m 46.310 ms - 13476[0m
[0mGET / [32m200[0m 51.370 ms - 13476[0m
[0mGET / [32m200[0m 49.699 ms - 13476[0m
[0mGET / [32m200[0m 50.559 ms - 13476[0m
[0mGET / [32m200[0m 47.000 ms - 13476[0m
[0mGET / [32m200[0m 31.403 ms - 13476[0m
[0mGET / [36m304[0m 39.726 ms - -[0m
[0mPOST /posts/create [32m200[0m 10.921 ms - 265[0m
[0mGET / [32m200[0m 36.100 ms - 14335[0m
[0mGET / [36m304[0m 33.584 ms - -[0m
[0mGET / [36m304[0m 36.930 ms - -[0m
[0mGET / [32m200[0m 67.385 ms - 14335[0m
[0mGET / [32m200[0m 60.498 ms - 14335[0m
[0mGET / [32m200[0m 48.888 ms - 14335[0m
[0mGET / [32m200[0m 36.253 ms - 14335[0m
[0mGET / [32m200[0m 39.741 ms - 14335[0m
[0mGET / [32m200[0m 43.577 ms - 14335[0m
[0mGET / [32m200[0m 45.020 ms - 14335[0m
[0mGET / [32m200[0m 43.565 ms - 14335[0m
[0mGET / [32m200[0m 41.521 ms - 14335[0m
[0mGET / [32m200[0m 44.265 ms - 14335[0m
[0mGET / [32m200[0m 51.749 ms - 14335[0m
[0mGET / [32m200[0m 45.039 ms - 14335[0m
[0mPOST /likes/toggle/?id=5fcf51d5208d017f014cdc9e&type=Post [32m200[0m 14.995 ms - 93[0m
[0mPOST /likes/toggle/?id=5fcf51d5208d017f014cdc9e&type=Post [32m200[0m 16.528 ms - 93[0m
[0mGET / [32m200[0m 585.637 ms - 14335[0m
[0mGET / [32m200[0m 1099.674 ms - 14335[0m
[0mGET / [32m200[0m 203.624 ms - 14335[0m
[0mGET / [32m200[0m 55.483 ms - 14335[0m
[0mGET / [32m200[0m 190.957 ms - 14359[0m
[0mGET / [32m200[0m 40.938 ms - 14374[0m
[0mGET / [32m200[0m 42.599 ms - 14370[0m
[0mGET / [32m200[0m 33.552 ms - 14370[0m
[0mGET / [32m200[0m 47.897 ms - 14371[0m
[0mGET / [32m200[0m 38.886 ms - 14373[0m
[0mGET / [32m200[0m 36.268 ms - 14373[0m
[0mGET / [32m200[0m 82.700 ms - 14324[0m
[0mPOST /posts/create [32m200[0m 14.752 ms - 268[0m
[0mPOST /likes/toggle/?id=5fe4e27798b4de3438cf8c47&type=Post [32m200[0m 47.391 ms - 93[0m
[0mPOST /likes/toggle/?id=5fe4ddab98b4de3438cf8c43&type=Post [32m200[0m 22.105 ms - 93[0m
[0mPOST /comments/create [32m200[0m 35.849 ms - 349[0m
[0mGET / [32m200[0m 58.580 ms - 16172[0m
[0mGET / [32m200[0m 60.473 ms - 15852[0m
[0mGET / [32m200[0m 52.366 ms - 15852[0m
[0mGET / [32m200[0m 49.609 ms - 15852[0m
[0mGET / [32m200[0m 57.375 ms - 15852[0m
[0mGET / [32m200[0m 64.721 ms - 15871[0m
[0mGET / [32m200[0m 56.143 ms - 15871[0m
[0mGET / [32m200[0m 32.979 ms - 8399[0m
[0mGET / [32m200[0m 37.940 ms - 8399[0m
[0mGET / [32m200[0m 35.954 ms - 8359[0m
[0mGET /users/sign-in [32m200[0m 5.110 ms - 1548[0m
[0mGET /users/css/header.css [33m404[0m 35.936 ms - 159[0m
[0mGET /users/css/layout.css [33m404[0m 37.517 ms - 159[0m
[0mGET /users/css/layout.css [33m404[0m 16.446 ms - 159[0m
[0mGET /users/css/header.css [33m404[0m 20.067 ms - 159[0m
[0mGET /users/css/footer.css [33m404[0m 34.829 ms - 159[0m
[0mPOST /users/create-session [36m302[0m 8.391 ms - 46[0m
[0mGET / [32m200[0m 49.477 ms - 16011[0m
[0mGET / [32m200[0m 64.134 ms - 15831[0m
[0mGET / [32m200[0m 44.477 ms - 15831[0m
[0mGET / [32m200[0m 51.029 ms - 15831[0m
[0mPOST /posts/create [32m200[0m 100.443 ms - 265[0m
[0mPOST /likes/toggle/?id=5fe4e27798b4de3438cf8c47&type=Post [32m200[0m 29.400 ms - 93[0m
[0mPOST /likes/toggle/?id=5fe4e27798b4de3438cf8c47&type=Post [32m200[0m 17.020 ms - 93[0m
[0mPOST /comments/create [32m200[0m 29.574 ms - 346[0m
[0mGET /users/profile/5f8589ca6d36ebfacee70300 [32m200[0m 22.218 ms - 1655[0m
[0mGET /users/profile/css/header.css [33m404[0m 87.123 ms - 167[0m
[0mGET /users/profile/css/layout.css [33m404[0m 88.710 ms - 167[0m
[0mGET /users/profile/css/footer.css [33m404[0m 88.545 ms - 167[0m
[0mGET /users/profile/images/man.svg [33m404[0m 57.945 ms - 167[0m
[0mGET /users/add-friend/5f8589ca6d36ebfacee70300 [36m302[0m 19.147 ms - 164[0m
[0mGET /users/profile/5f8589ca6d36ebfacee70300 [32m200[0m 12.641 ms - 1842[0m
[0mGET /users/profile/css/footer.css [33m404[0m 32.983 ms - 167[0m
[0mGET /users/profile/css/layout.css [33m404[0m 34.553 ms - 167[0m
[0mGET /users/profile/css/header.css [33m404[0m 36.394 ms - 167[0m
[0mGET /users/profile/images/man.svg [33m404[0m 27.810 ms - 167[0m
[0mGET /users/profile/css/footer.css [33m404[0m 22.522 ms - 167[0m
[0mGET /users/profile/css/layout.css [33m404[0m 27.905 ms - 167[0m
[0mGET / [32m200[0m 67.365 ms - 17832[0m
[0mPOST /likes/toggle/?id=5fe4faf098b4de3438cf8c4e&type=Post [32m200[0m 19.393 ms - 93[0m
[0mPOST /likes/toggle/?id=5fe4faf098b4de3438cf8c4e&type=Post [32m200[0m 16.187 ms - 93[0m
[0mPOST /likes/toggle/?id=5fe4faf098b4de3438cf8c4e&type=Post [32m200[0m 12.008 ms - 93[0m
[0mPOST /likes/toggle/?id=5fe4faf098b4de3438cf8c4e&type=Post [32m200[0m 13.466 ms - 93[0m
[0mGET /posts/destroy/5fe4faf098b4de3438cf8c4e [32m200[0m 23.417 ms - 72[0m
[0mPOST /posts/create [32m200[0m 9.190 ms - 264[0m
[0mGET / [32m200[0m 50.885 ms - 17831[0m
[0mGET / [32m200[0m 137.667 ms - 17831[0m
[0mPOST /posts/create [32m200[0m 26.024 ms - 264[0m
[0mGET /posts/destroy/5fe4fbee338ff75f46814d64 [32m200[0m 20.479 ms - 72[0m
[0mPOST /posts/create [32m200[0m 9.910 ms - 264[0m
[0mGET / [32m200[0m 123.847 ms - 19077[0m
[0mPOST /posts/create [32m200[0m 32.728 ms - 267[0m
[0mGET /posts/destroy/5fe4fc5ae48f5b5f9d0f94e6 [36m302[0m 63.642 ms - 36[0m
[0mGET /users/sign-in [36m304[0m 72.610 ms - -[0m
[0mGET / [32m200[0m 113.160 ms - 10107[0m
[0mGET /users/sign-in [36m304[0m 10.682 ms - -[0m
[0mGET /users/css/header.css [33m404[0m 4.429 ms - 159[0m
[0mGET /users/css/layout.css [33m404[0m 8.227 ms - 159[0m
[0mGET /users/css/footer.css [33m404[0m 31.211 ms - 159[0m
[0mPOST /users/create-session [36m302[0m 14.519 ms - 46[0m
[0mGET / [32m200[0m 52.031 ms - 20506[0m
[0mPOST /comments/create [32m200[0m 41.554 ms - 354[0m
[0mPOST /posts/create [32m200[0m 9.736 ms - 267[0m
[0mGET /posts/destroy/5fe4fbf9338ff75f46814d65 [32m200[0m 24.454 ms - 72[0m
[0mGET / [32m200[0m 78.073 ms - 20880[0m
[0mGET / [36m304[0m 57.703 ms - -[0m
[0mGET / [36m304[0m 57.318 ms - -[0m
[0mGET / [32m200[0m 52.970 ms - 22178[0m
[0mGET /comments/destroy/5fe5cd05e48f5b5f9d0f94e7 [36m302[0m 1.357 ms - 36[0m
[0mGET /users/sign-in [36m304[0m 6.059 ms - -[0m
[0mGET / [32m200[0m 43.356 ms - 11574[0m
[0mGET /users/css/header.css [33m404[0m 19.141 ms - 159[0m
[0mGET /users/css/layout.css [33m404[0m 31.653 ms - 159[0m
[0mGET /users/css/footer.css [33m404[0m 32.304 ms - 159[0m
[0mPOST /users/create-session [36m302[0m 7.009 ms - 46[0m
[0mGET / [32m200[0m 44.923 ms - 22358[0m
[0mGET / [32m200[0m 48.259 ms - 22178[0m
[0mGET / [36m304[0m 49.442 ms - -[0m
[0mGET / [36m304[0m 55.080 ms - -[0m
[0mGET / [36m304[0m 42.102 ms - -[0m
[0mGET / [36m304[0m 52.009 ms - -[0m
[0mGET / [32m200[0m 54.006 ms - 22295[0m
[0mGET / [36m304[0m 48.631 ms - -[0m
[0mGET / [32m200[0m 50.544 ms - 22139[0m
[0mGET / [32m200[0m 72.387 ms - 22100[0m
[0mGET / [32m200[0m 69.350 ms - 22191[0m
[0mGET / [32m200[0m 64.729 ms - 22191[0m
[0mGET / [32m200[0m 49.021 ms - 22191[0m
[0mGET / [32m200[0m 53.060 ms - 22139[0m
[0mGET / [32m200[0m 48.384 ms - 22139[0m
[0mGET / [32m200[0m 45.475 ms - 22139[0m
[0mGET / [32m200[0m 61.203 ms - 22139[0m
[0mGET / [32m200[0m 83.121 ms - 22139[0m
[0mGET / [32m200[0m 51.414 ms - 22139[0m
[0mGET / [32m200[0m 38.783 ms - 22139[0m
[0mGET / [31m500[0m 99.339 ms - 3004[0m
[0mGET / [31m500[0m 63.306 ms - 3004[0m
[0mGET / [31m500[0m 54.925 ms - 3004[0m
[0mGET / [31m500[0m 91.250 ms - 3004[0m
[0mGET / [31m500[0m 41.852 ms - 3004[0m
[0mGET / [31m500[0m 53.171 ms - 3004[0m
[0mGET / [32m200[0m 91.515 ms - 22139[0m
[0mPOST /posts/create [32m200[0m 20.226 ms - 263[0m
[0mGET / [32m200[0m 68.689 ms - 23481[0m
[0mGET / [32m200[0m 121.677 ms - 23481[0m
[0mPOST /posts/create [32m200[0m 22.876 ms - 263[0m
[0mGET /%3C%=%20assetPath('images/man.svg')%%3E [33m404[0m 13.005 ms - 192[0m
[0mGET / [32m200[0m 118.496 ms - 24823[0m
[0mPOST /posts/create [32m200[0m 21.576 ms - 302[0m
[0mGET /%3C%=%20assetPath('images/man.svg')%%3E [33m404[0m 11.673 ms - 192[0m
[0mGET /users/profile/5f8589046d36ebfacee702fc [32m200[0m 18.450 ms - 1957[0m
[0mGET /users/profile/css/footer.css [33m404[0m 155.710 ms - 167[0m
[0mGET /users/profile/css/header.css [33m404[0m 158.409 ms - 167[0m
[0mGET /users/profile/css/layout.css [33m404[0m 193.244 ms - 167[0m
[0mGET /users/profile/images/man.svg [33m404[0m 100.061 ms - 167[0m
[0mGET / [32m200[0m 78.245 ms - 26167[0m
[0mGET /posts/destroy/5fe5ed400839837a0eed4255 [32m200[0m 80.640 ms - 72[0m
[0mGET /posts/destroy/5fe5ebfc56fd6a790f518fd3 [32m200[0m 17.621 ms - 72[0m
[0mGET /posts/destroy/5fe5eb899a01fc78091e8794 [32m200[0m 17.010 ms - 72[0m
[0mPOST /posts/create [32m200[0m 23.176 ms - 383[0m
[0mGET /%3C%=%20assetPath('images/man.svg')%%3E [33m404[0m 18.171 ms - 192[0m
[0mGET / [32m200[0m 89.119 ms - 24236[0m
[0mGET /users/sign-in [36m302[0m 11.532 ms - 72[0m
[0mGET /users/profile [33m404[0m 11.019 ms - 152[0m
[0mGET / [32m200[0m 75.412 ms - 24236[0m
[0mPOST /posts/create [32m200[0m 14.382 ms - 359[0m
[0mGET / [32m200[0m 111.828 ms - 24965[0m
[0mPOST /posts/create [32m200[0m 41.099 ms - 300[0m
[0mGET /posts/destroy/5fe5eed690a2197b5f184a54 [32m200[0m 22.637 ms - 72[0m
[0mGET /posts/destroy/5fe5eea92fc3bf7a758ff88d [32m200[0m 19.075 ms - 72[0m
[0mGET /posts/destroy/5fe5ed9a2fc3bf7a758ff88c [32m200[0m 19.194 ms - 72[0m
[0mGET /posts/destroy/5fe5cd0fe48f5b5f9d0f94e9 [32m200[0m 17.323 ms - 72[0m
[0mGET / [32m200[0m 117.455 ms - 22461[0m
[0mGET / [32m200[0m 90.446 ms - 22473[0m
[0mGET / [32m200[0m 79.588 ms - 22461[0m
[0mGET / [32m200[0m 74.490 ms - 22461[0m
[0mGET / [32m200[0m 69.121 ms - 22461[0m
[0mGET / [32m200[0m 57.688 ms - 12610[0m
[0mGET / [32m200[0m 49.315 ms - 12610[0m
[0mGET / [32m200[0m 69.307 ms - 12586[0m
[0mGET / [32m200[0m 38.768 ms - 12586[0m
[0mGET / [32m200[0m 34.330 ms - 12586[0m
[0mGET / [32m200[0m 40.152 ms - 12586[0m
[0mGET / [32m200[0m 38.466 ms - 12586[0m
[0mGET / [32m200[0m 140.166 ms - 12610[0m
[0mGET / [32m200[0m 230.764 ms - 12610[0m
[0mGET / [32m200[0m 60.965 ms - 12610[0m
[0mGET / [32m200[0m 35.896 ms - 12610[0m
[0mGET / [32m200[0m 37.240 ms - 12610[0m
[0mGET / [32m200[0m 42.162 ms - 12610[0m
[0mGET / [32m200[0m 40.487 ms - 12610[0m
[0mGET / [32m200[0m 38.107 ms - 12610[0m
[0mGET / [32m200[0m 33.850 ms - 12610[0m
[0mGET / [32m200[0m 56.520 ms - 13150[0m
[0mGET / [32m200[0m 38.225 ms - 12610[0m
[0mGET /users/sign-in [32m200[0m 5.863 ms - 1548[0m
[0mGET /users/css/layout.css [33m404[0m 39.663 ms - 159[0m
[0mGET /users/css/header.css [33m404[0m 53.044 ms - 159[0m
[0mGET /users/css/footer.css [33m404[0m 58.869 ms - 159[0m
[0mGET /users/css/header.css [33m404[0m 41.179 ms - 159[0m
[0mGET /users/css/layout.css [33m404[0m 42.436 ms - 159[0m
[0mGET /users/css/footer.css [33m404[0m 51.917 ms - 159[0m
[0mPOST /users/create-session [36m302[0m 9.807 ms - 46[0m
[0mGET / [32m200[0m 50.773 ms - 22641[0m
[0mGET /users/sign-out [36m302[0m 8.435 ms - 46[0m
[0mGET / [32m200[0m 45.866 ms - 12787[0m
[0mGET /users/sign-up [32m200[0m 5.218 ms - 1637[0m
[0mGET /users/css/layout.css [33m404[0m 36.368 ms - 159[0m
[0mGET /users/css/footer.css [33m404[0m 37.131 ms - 159[0m
[0mGET /users/css/header.css [33m404[0m 39.132 ms - 159[0m
[0mGET /users/css/header.css [33m404[0m 19.717 ms - 159[0m
[0mGET /users/css/layout.css [33m404[0m 24.050 ms - 159[0m
[0mGET /users/css/footer.css [33m404[0m 20.701 ms - 159[0m
[0mGET /users/css/header.css [33m404[0m 71.490 ms - 159[0m
[0mGET / [32m200[0m 33.861 ms - 12610[0m
[0mGET / [32m200[0m 39.300 ms - 12610[0m
[0mGET /users/sign-in [32m200[0m 12.917 ms - 1548[0m
[0mGET /users/css/layout.css [33m404[0m 37.281 ms - 159[0m
[0mGET /users/css/header.css [33m404[0m 43.289 ms - 159[0m
[0mGET /users/css/footer.css [33m404[0m 46.031 ms - 159[0m
[0mGET /users/css/header.css [33m404[0m 9.282 ms - 159[0m
[0mGET /users/css/layout.css [33m404[0m 16.378 ms - 159[0m
[0mGET /users/css/footer.css [33m404[0m 16.259 ms - 159[0m
[0mGET /users/sign-in [32m200[0m 28.735 ms - 1548[0m
[0mGET /users/css/layout.css [33m404[0m 56.597 ms - 159[0m
[0mGET /users/css/footer.css [33m404[0m 68.489 ms - 159[0m
[0mGET /users/css/header.css [33m404[0m 118.777 ms - 159[0m
[0mGET /users/css/layout.css [33m404[0m 53.032 ms - 159[0m
[0mGET /users/css/footer.css [33m404[0m 60.047 ms - 159[0m
[0mGET /users/sign-in [32m200[0m 34.187 ms - 1548[0m
[0mGET /users/css/layout.css [33m404[0m 56.156 ms - 159[0m
[0mGET /users/css/header.css [33m404[0m 76.648 ms - 159[0m
[0mGET /users/css/footer.css [33m404[0m 90.736 ms - 159[0m
[0mGET /users/css/header.css [33m404[0m 5.371 ms - 159[0m
[0mGET /users/css/layout.css [33m404[0m 10.955 ms - 159[0m
[0mGET /users/css/footer.css [33m404[0m 19.712 ms - 159[0m
[0mGET /users/sign-in [32m200[0m 26.182 ms - 1551[0m
[0mGET /users/sign-up [32m200[0m 8.056 ms - 1640[0m
[0mGET /users/sign-in [32m200[0m 8.347 ms - 1551[0m
[0mGET / [32m200[0m 93.604 ms - 12636[0m
[0mGET /users/sign-in [32m200[0m 6.996 ms - 1551[0m
[0mGET /users/sign-in [32m200[0m 7.182 ms - 1551[0m
[0mGET / [32m200[0m 46.938 ms - 12636[0m
[0mGET /users/sign-in [32m200[0m 4.498 ms - 1551[0m
[0mPOST /users/create-session [36m302[0m 17.633 ms - 46[0m
[0mGET / [32m200[0m 58.099 ms - 22671[0m
[0mGET /users/sign-out [36m302[0m 10.206 ms - 46[0m
[0mGET / [32m200[0m 43.635 ms - 12813[0m
[0mGET /users/sign-in [32m200[0m 5.490 ms - 1551[0m
[0mPOST /users/create-session [36m302[0m 8.503 ms - 46[0m
[0mGET / [32m200[0m 65.898 ms - 22671[0m
[0mGET / [32m200[0m 70.406 ms - 22491[0m
[0mGET /users/sign-out [36m302[0m 6.673 ms - 46[0m
[0mGET / [32m200[0m 82.928 ms - 12813[0m
[0mGET /users/sign-up [32m200[0m 4.271 ms - 1640[0m
[0mGET /users/sign-in [32m200[0m 3.873 ms - 1551[0m
[0mGET /users/sign-up [32m200[0m 6.402 ms - 1640[0m
[0mGET /users/sign-in [32m200[0m 3.910 ms - 1551[0m
[0mPOST /users/create-session [36m302[0m 8.879 ms - 46[0m
[0mGET / [32m200[0m 64.683 ms - 22671[0m
[0mGET / [32m200[0m 53.228 ms - 22491[0m
[0mGET / [32m200[0m 95.411 ms - 25371[0m
[0mGET / [32m200[0m 51.889 ms - 25371[0m
[0mGET / [32m200[0m 96.501 ms - 25263[0m
[0mGET / [32m200[0m 518.923 ms - 25263[0m
[0mGET / [32m200[0m 67.736 ms - 25263[0m
[0mGET / [32m200[0m 61.567 ms - 22695[0m
[0mGET / [32m200[0m 72.639 ms - 22695[0m
[0mGET / [32m200[0m 58.709 ms - 22695[0m
[0mGET / [32m200[0m 432.625 ms - 22695[0m
[0mGET / [32m200[0m 56.669 ms - 22695[0m
[0mGET / [32m200[0m 64.764 ms - 22695[0m
[0mGET / [32m200[0m 54.735 ms - 22695[0m
[0mGET / [32m200[0m 46.303 ms - 22695[0m
[0mGET / [32m200[0m 69.898 ms - 22695[0m
[0mGET / [32m200[0m 71.999 ms - 22491[0m
[0mGET / [32m200[0m 71.126 ms - 22491[0m
[0mGET / [32m200[0m 50.081 ms - 24171[0m
[0mGET / [32m200[0m 54.808 ms - 25263[0m
[0mGET / [32m200[0m 43.174 ms - 25263[0m
[0mGET / [32m200[0m 50.957 ms - 25263[0m
[0mGET / [32m200[0m 56.391 ms - 25263[0m
[0mGET / [32m200[0m 47.071 ms - 25275[0m
[0mGET / [32m200[0m 43.764 ms - 25275[0m
[0mGET / [32m200[0m 49.601 ms - 25275[0m
[0mGET / [32m200[0m 57.213 ms - 25275[0m
[0mGET /posts/destroy/5fe4fc5ae48f5b5f9d0f94e6 [32m200[0m 25.353 ms - 72[0m
[0mGET / [32m200[0m 137.350 ms - 23006[0m
[0mPOST /posts/create [32m200[0m 30.153 ms - 306[0m
[0mGET /posts/destroy/5fe6213889190e8c5a0e24fa [32m200[0m 30.862 ms - 72[0m
[0mGET / [36m304[0m 65.801 ms - -[0m
[0mGET / [32m200[0m 126.859 ms - 21998[0m
[0mGET / [32m200[0m 77.311 ms - 21998[0m
[0mGET / [32m200[0m 260.204 ms - 23065[0m
[0mGET / [32m200[0m 54.962 ms - 23318[0m
[0mGET / [32m200[0m 97.611 ms - 23427[0m
[0mGET / [32m200[0m 60.363 ms - 23427[0m
[0mGET / [32m200[0m 122.542 ms - 23427[0m
[0mGET / [32m200[0m 75.738 ms - 23427[0m
[0mGET / [32m200[0m 170.340 ms - 22602[0m
[0mGET / [32m200[0m 70.814 ms - 22569[0m
[0mGET / [32m200[0m 77.573 ms - 22770[0m
[0mGET / [32m200[0m 72.502 ms - 23518[0m
[0mGET /likes/toggle/?id=5fe4fba498b4de3438cf8c5a&type=Post [33m404[0m 7.763 ms - 152[0m
[0mGET / [32m200[0m 55.740 ms - 23518[0m
[0mGET / [32m200[0m 60.788 ms - 22858[0m
[0mGET / [32m200[0m 53.410 ms - 22924[0m
[0mGET / [32m200[0m 69.340 ms - 22968[0m
[0mGET / [32m200[0m 71.188 ms - 22825[0m
[0mPOST /likes/toggle/?id=5fe4fba498b4de3438cf8c5a&type=Post [32m200[0m 36.994 ms - 93[0m
[0mPOST /likes/toggle/?id=5fe4fba498b4de3438cf8c5a&type=Post [32m200[0m 63.752 ms - 93[0m
[0mGET / [32m200[0m 68.516 ms - 22825[0m
[0mPOST /likes/toggle/?id=5fe4fba498b4de3438cf8c5a&type=Post [32m200[0m 45.092 ms - 93[0m
[0mPOST /likes/toggle/?id=5fe4fba498b4de3438cf8c5a&type=Post [32m200[0m 71.286 ms - 93[0m
[0mPOST /likes/toggle/?id=5fe4fba498b4de3438cf8c5a&type=Post [32m200[0m 87.582 ms - 93[0m
[0mPOST /likes/toggle/?id=5fe4fba498b4de3438cf8c5a&type=Post [32m200[0m 39.649 ms - 93[0m
[0mPOST /likes/toggle/?id=5fe4fba498b4de3438cf8c5a&type=Post [32m200[0m 37.780 ms - 93[0m
[0mPOST /likes/toggle/?id=5fe4fba498b4de3438cf8c5a&type=Post [32m200[0m 20.968 ms - 93[0m
[0mGET / [32m200[0m 68.441 ms - 22825[0m
[0mGET / [32m200[0m 68.050 ms - 22825[0m
[0mGET / [32m200[0m 50.252 ms - 22825[0m
[0mGET / [32m200[0m 204.361 ms - 22814[0m
[0mPOST /likes/toggle/?id=5fe4fba498b4de3438cf8c5a&type=Post [32m200[0m 11.625 ms - 93[0m
[0mPOST /likes/toggle/?id=5fe4fba498b4de3438cf8c5a&type=Post [32m200[0m 12.021 ms - 93[0m
[0mGET / [32m200[0m 67.950 ms - 22825[0m
[0mGET / [32m200[0m 61.605 ms - 22825[0m
[0mGET / [32m200[0m 44.729 ms - 22825[0m
[0mPOST /likes/toggle/?id=5fe4fba498b4de3438cf8c5a&type=Post [32m200[0m 55.766 ms - 93[0m
[0mPOST /likes/toggle/?id=5fe4fba498b4de3438cf8c5a&type=Post [32m200[0m 68.802 ms - 93[0m
[0mGET / [32m200[0m 162.255 ms - 22825[0m
[0mPOST /likes/toggle/?id=5fe4fba498b4de3438cf8c5a&type=Post [32m200[0m 37.226 ms - 93[0m
[0mPOST /likes/toggle/?id=5fe4fba498b4de3438cf8c5a&type=Post [32m200[0m 46.687 ms - 93[0m
[0mGET / [32m200[0m 65.853 ms - 22825[0m
[0mGET / [32m200[0m 47.970 ms - 23089[0m
[0mGET / [32m200[0m 49.225 ms - 23463[0m
[0mGET / [32m200[0m 46.199 ms - 23463[0m
[0mPOST /likes/toggle/?id=5fe4fba498b4de3438cf8c5a&type=Post [32m200[0m 86.095 ms - 93[0m
[0mGET / [32m200[0m 63.863 ms - 23463[0m
[0mGET / [32m200[0m 40.743 ms - 23463[0m
[0mGET / [32m200[0m 52.303 ms - 23463[0m
[0mPOST /likes/toggle/?id=5fe4fba498b4de3438cf8c5a&type=Post [32m200[0m 134.114 ms - 93[0m
[0mPOST /likes/toggle/?id=5fe4fba498b4de3438cf8c5a&type=Post [32m200[0m 26.494 ms - 93[0m
[0mPOST /likes/toggle/?id=5fe4fba498b4de3438cf8c5a&type=Post [32m200[0m 106.372 ms - 93[0m
[0mPOST /likes/toggle/?id=5fe4fba498b4de3438cf8c5a&type=Post [32m200[0m 18.509 ms - 93[0m
[0mPOST /likes/toggle/?id=5fe4fba498b4de3438cf8c5a&type=Post [32m200[0m 28.064 ms - 93[0m
[0mGET / [32m200[0m 209.279 ms - 23463[0m
[0mPOST /likes/toggle/?id=5fe4fba498b4de3438cf8c5a&type=Post [32m200[0m 80.264 ms - 93[0m
[0mGET / [32m200[0m 178.418 ms - 23463[0m
[0mGET / [32m200[0m 57.493 ms - 23463[0m
[0mPOST /likes/toggle/?id=5fe4fba498b4de3438cf8c5a&type=Post [32m200[0m 60.174 ms - 93[0m
[0mPOST /likes/toggle/?id=5fe4fba498b4de3438cf8c5a&type=Post [32m200[0m 147.064 ms - 93[0m
[0mPOST /likes/toggle/?id=5fe4fba498b4de3438cf8c5a&type=Post [32m200[0m 38.546 ms - 93[0m
[0mPOST /likes/toggle/?id=5fe4fba498b4de3438cf8c5a&type=Post [32m200[0m 37.749 ms - 93[0m
[0mGET / [32m200[0m 174.779 ms - 23463[0m
[0mPOST /posts/create [32m200[0m 21.980 ms - 302[0m
[0mGET /posts/destroy/5fe62d03e10cc49533eab1e9 [32m200[0m 18.074 ms - 72[0m
[0mGET / [32m200[0m 64.018 ms - 12961[0m
[0mGET /users/sign-in [32m200[0m 7.012 ms - 1861[0m
[0mPOST /users/create-session [36m302[0m 25.994 ms - 46[0m
[0mGET / [32m200[0m 64.782 ms - 23612[0m
[0mGET / [32m200[0m 96.351 ms - 22756[0m
[0mGET /users/sign-out [36m302[0m 10.807 ms - 46[0m
[0mGET / [32m200[0m 44.314 ms - 14178[0m
[0mGET /users/sign-in [32m200[0m 5.795 ms - 1861[0m
[0mPOST /users/create-session [36m302[0m 9.373 ms - 46[0m
[0mGET / [32m200[0m 71.601 ms - 22936[0m
[0mGET / [32m200[0m 50.234 ms - 22756[0m
[0mGET /users/sign-out [36m302[0m 5.589 ms - 46[0m
[0mGET / [32m200[0m 45.622 ms - 15102[0m
[0mGET /users/sign-in [32m200[0m 12.237 ms - 1861[0m
[0mPOST /users/create-session [36m302[0m 8.279 ms - 46[0m
[0mGET / [32m200[0m 46.941 ms - 14925[0m
[0mGET /users/sign-in [36m302[0m 5.931 ms - 72[0m
[0mGET /users/profile [33m404[0m 9.244 ms - 152[0m
[0mGET / [32m200[0m 49.934 ms - 22756[0m
[0mGET / [32m200[0m 68.018 ms - 22756[0m
[0mGET / [32m200[0m 73.598 ms - 22756[0m
[0mGET / [32m200[0m 60.955 ms - 22756[0m
[0mGET / [32m200[0m 49.712 ms - 22756[0m
[0mGET / [32m200[0m 66.027 ms - 22756[0m
[0mGET / [32m200[0m 48.785 ms - 22756[0m
[0mGET / [32m200[0m 77.788 ms - 22756[0m
[0mPOST /posts/create [32m200[0m 13.584 ms - 527[0m
[0mGET / [32m200[0m 57.950 ms - 24683[0m
[0mGET / [32m200[0m 55.453 ms - 24683[0m
[0mGET / [32m200[0m 49.844 ms - 24683[0m
[0mGET / [32m200[0m 82.890 ms - 24683[0m
[0mGET / [32m200[0m 49.772 ms - 24683[0m
[0mGET / [32m200[0m 50.628 ms - 24683[0m
